2019/04/07 20:53:50 check to make sure it works
2019/04/07 21:03:55 check to make sure it works
2019/04/07 21:27:53 Baigan Service started at port 80
2019/04/07 21:28:39 Baigan Service started at port 80...
2019/04/07 21:31:11 Baigan Service started at port 80...
2019/04/07 21:33:39 Baigan Service started at port 80...
2019/04/07 21:33:43 18 <nil>
2019/04/07 21:39:26 Baigan Service started at port 80...
2019/04/07 21:40:31 Baigan Service started at port 80...
2019/04/07 21:43:43 Baigan Service started at port 80...
2019/04/07 21:45:43 Baigan Service started at port 80...
2019/04/07 21:48:45 Baigan Service started at port 80...
2019/04/07 21:48:50 [REQUEST] /account/1
2019/04/07 21:49:48 [REQUEST] /account/1
2019/04/07 21:50:05 [REQUEST] /
2019/04/07 21:56:30 HTTP GET /accounts
2019/04/07 21:56:48 HTTP GET /account/2
2019/04/07 21:58:21 HTTP POST /accounts/2
2019/04/07 21:58:42 HTTP DELETE /accounts/2
2019/04/07 22:07:31 Baigan Service started at port 80...
2019/04/07 22:07:38 HTTP GET /
2019/04/07 22:09:20 Baigan Service started at port 80...
2019/04/07 22:09:23 HTTP GET /
